7613 1124 262
1896 3145 217
5838 785 238
9437 9129 260
9085 263 262
5670 5056 236
6310 1361 262
773 7480 262
3631 1148 217
8492 3269 262
572 3879 238
2103 253 182
3183 2843 217
5592 2388 238
834 4046 238
353 5271 238
701 2430 183
4153 6150 236
5895 7054 262
3386 2655 217
5450 851 238
960 1431 182
4201 4287 202
5320 5508 192
5354 5244 192
172 5257 238
8539 4042 262
6343 7683 257
2092 7408 262
4324 9438 262
6434 4268 262
179 3133 217
991 9676 262
7744 1384 262
4817 3619 238
6104 6720 262
9809 4962 262
9884 6971 260
3200 3183 168
2140 8586 262
5286 2945 238
7194 7890 239
4968 5167 179
8890 7077 252
1221 7336 262
6613 7813 257
6737 4642 262
9257 5784 262
6403 1402 262
8668 6285 257
1019 5587 238
1759 8847 262
9880 2328 262
9434 8907 260
8546 1381 262
9587 3269 262
9280 6444 260
7020 3031 262
6011 2207 238
3849 7313 262
6480 2977 262
3181 2898 217
4213 1390 238
6618 6743 182
1041 620 179
5798 2698 238
7936 8051 252
8292 7848 252
2524 6341 262
2594 143 209
7081 6299 257
6508 5593 262
7268 6340 257
3115 3914 238
9646 4919 262
5482 8095 262
9498 4212 262
6383 1826 262
1797 7406 262
3966 1472 238
2411 857 183
644 7339 262
2430 7050 262
72 6349 262
9878 2328 262
3223 1808 217
9221 9418 260
1056 1944 182
2550 940 209
6271 8380 257
9212 4525 262
4466 2944 238
66 165 122
3655 431 217
7058 7356 195
5980 4928 236
2818 3687 217
4037 5052 215
3252 5091 238
4749 2033 238
1979 3375 217
5659 8597 262
5685 7024 262
6334 4746 262
9853 5188 262
8029 7466 252
1781 6623 262
6446 9359 260
9558 5992 262
841 3713 238
6273 3336 262
2508 5080 238
555 7418 262
6995 3196 262
5409 906 238
8534 8037 234
8859 5159 262
4915 8304 262
9344 2237 262
5663 9850 262
9662 9481 198
5180 8186 262
6810 9785 260
7582 6169 262
5988 6790 262
4359 8804 262
8444 9601 260
7272 9821 260
4897 5809 236
7338 3066 262
6355 7621 257
6039 3504 238
7245 2452 262
4124 1509 238
2760 1501 209
7698 6591 257
4354 8483 262
588 5079 238
3638 3678 163
6757 1646 262
3861 8033 262
1588 4569 238
5651 8511 262
8599 6635 257
8874 429 262
70 8811 262
2600 7229 262
935 3321 217
2095 9450 262
6756 5153 262
3106 5915 238
3424 9728 262
6211 1489 262
957 7807 262
5648 1619 238
2174 2121 170
6432 5758 262
7430 5743 262
6232 8899 257
9821 1409 262
1803 422 182
7777 9336 260
7717 6180 257
2578 249 209
8296 2116 262
7058 3207 262
6479 8878 257
4334 4733 215
9415 15 262
9044 6462 257
9216 875 262
8576 9775 260
1100 1842 182
5966 6176 262
5539 900 238
7613 8535 252
5453 1940 238
2413 6145 238
6573 7415 257
1723 8119 262
9555 6179 260
8075 717 262
7091 5968 262
5008 5058 179
974 89 179
4639 3384 238
7959 3188 262
4429 7078 262
327 7058 262
7197 4109 262
9747 6291 260
8032 1869 262
9951 3038 262
6277 9285 260
57 9947 262
4130 9610 262
4465 3746 215
3679 32 217
3231 4584 238
9648 7128 260
9561 2251 262
335 6483 262
4408 9997 262
770 782 153
2052 7924 262
7373 6935 257
2311 7867 262
5749 8033 262
484 6386 262
3757 9415 262
1945 8233 262
1717 2951 217
4829 2410 238
993 5876 238
9697 8815 260
9511 4183 262
5732 8608 262
7398 7703 239
4590 1356 238
5258 7230 262
5453 2291 238
6943 2774 262
703 556 171
8956 7543 252
8355 2144 262
5803 1615 238
601 47 144
1925 3049 217
8977 9770 260
6761 8863 257
8327 4090 262
2473 2659 191
2229 7432 262
2604 3659 217
8864 9635 260
5426 4313 215
2948 525 217
4748 3175 238
2696 1677 209
4489 4621 184
6839 5431 262
1405 4917 238
7523 7744 177
5785 4201 236
4599 7382 262
5752 700 238
4721 7718 262
7502 6965 239
1793 8029 262
2407 6055 238
8902 4794 262
3369 8163 262
2294 1343 183
2656 4635 238
1407 5753 238
5721 6320 262
7813 3693 262
4152 7911 262
8247 3228 262
9923 3087 262
810 1018 179
738 6706 262
9472 7487 260
2220 6485 262
1564 4528 238
9311 6547 260
5679 7637 262
7733 6115 262
9822 657 262
7993 3698 262
5111 3469 238
1011 8404 262
1117 7764 262
4523 3030 238
9878 9249 260
4387 2917 238
3620 1651 217
2143 7813 262
3444 2197 217
7081 3596 262
5188 2246 238
6580 4939 262
762 7603 262
475 3932 238
5301 9290 262
4567 4795 197
8553 3037 262
1383 2981 217
128 4304 238
4722 580 238
8825 2002 262
3927 184 238
1232 7045 262
8074 1016 262
1310 8431 262
3625 984 217
7874 2274 262
8992 2642 262
7320 7984 252
9627 894 262
4912 9053 262
7263 5825 262
9399 7465 260
2435 6748 262
3426 9910 262
7928 1312 262
2990 4080 238
8956 9462 260
4707 8491 262
5336 9127 262
7861 1516 262
954 8946 262
4205 8711 262
3306 8406 262
2136 5928 238
9349 2698 262
6711 7752 257
826 3866 238
6622 7805 257
5278 4051 215
5446 3219 238
9151 6255 257
5580 259 238
4150 7900 262
6896 2155 262
7279 7644 239
8195 9850 260
4386 4243 215
3421 6286 262
5728 9138 262
6168 7488 262
7344 2100 262
5298 3576 238
4270 3349 238
6491 2596 262
1455 5716 238
8220 6206 257
1672 7833 262
1479 1783 180
2347 9384 262
7859 2748 262
4435 5471 210
1868 7673 262
5065 6165 236
5819 7641 262
4450 9310 262
597 8094 262
1674 8585 262
3117 7063 262
1374 2333 183
6313 4480 262
8599 7172 252
1130 9294 262
5206 1373 238
3546 9411 262
5112 9182 262
9387 841 262
5101 9635 262
353 4121 238
7480 8289 252
1825 614 182
2345 4699 238
19 2482 209
9168 8823 247
9162 3670 262
3161 8705 262
7701 7741 177
3308 2470 217
2530 1635 209
4163 4672 215
4602 7501 262
4188 2954 238
5116 7999 262
9909 1093 262
9902 1477 262
4788 9937 262
4943 6313 262
2709 6594 262
2688 6920 262
4438 3524 238
879 1279 182
4089 3628 238
2254 4324 238
972 5798 238
4931 3215 238
2872 7778 262
8224 17 262
3795 1692 238
2256 3891 238
8725 2280 262
1917 2644 209
2357 2140 183
1014 2089 182
2973 2735 217
2942 6253 262
7938 7583 221
4610 3773 215
622 7265 262
5716 2427 238
4037 7924 262
5506 4536 210
6003 5616 218
8875 1843 262
317 50 131
2569 7796 262
3857 4184 189
5565 4438 210
1800 8923 262
2374 5651 238
8986 156 262
385 8250 262
444 5255 238
3542 8139 262
6050 8932 262
1742 8667 262
6821 6205 244
4828 9684 262
9192 4334 262
415 4435 238
3908 3336 238
7682 3633 262
4683 9226 262
7232 6137 262
8590 1398 262
9147 8075 247
7961 7254 239
1437 3846 238
6142 5983 187
7887 1973 262
6261 3461 262
9415 1495 262
6231 6160 262
9118 6231 257
4429 4872 197
6391 9778 260
3759 1545 238
7115 4337 262
2845 6821 262
4280 7923 262
6929 6944 257
6905 998 262
2852 5065 238
739 5123 238
7354 2944 262
1851 3717 238
6806 3960 262
5069 1494 238
960 9094 262
3851 3315 238
1794 5438 238
4742 9837 262
9053 483 262
7399 4433 262
1040 2578 209
3999 4217 189
8342 9272 260
7561 4302 262
3629 7699 262
3704 537 217
9969 4504 262
3697 7872 262
770 7093 262
1698 3530 217
2547 6380 262
6139 1875 238
1053 7108 262
8214 3315 262
8107 7063 252
1210 6443 262
6701 7180 257
4915 7909 262
3818 3506 238
3089 981 217
9985 5316 262
710 4172 238
8901 2488 262
221 1650 182
1358 251 182
2149 3723 238
9342 7361 260
3913 8093 262
1067 6461 262
6630 7672 257
4803 7313 262
3281 8579 262
2761 8851 262
1681 8364 262
3361 2943 199
9742 1084 262
5968 3612 238
6980 4582 262
6247 130 262
6230 4133 262
2954 8742 262
5756 2708 238
1326 7026 262
6282 1525 262
9542 6905 260
8355 1787 262
3858 7310 262
6712 5313 262
8351 9933 260
4311 6138 236
6598 171 262
5966 5048 236
9156 4665 262
4711 4428 184
3681 6685 262
8395 1738 262
4982 1045 238
5336 3350 238
2749 1007 209
5167 9117 262
6735 7142 257
7571 4419 262
3528 296 217
1460 1794 180
5146 2469 238
2410 7384 262
2353 5739 238
627 248 144
1784 5071 238
7270 9859 260
6348 4197 262
5353 4160 215
3933 4950 215
3785 1579 238
3847 1040 238
2707 8856 262
213 1686 182
4894 2704 238
6740 1679 262
8093 8852 234
3466 7227 262
2417 1486 183
5569 7708 262
4333 849 238
5899 9599 262
833 9000 262
8512 9598 260
9173 9137 198
2614 2705 191
8136 6604 257
773 2462 183
2311 7925 262
8170 2200 262
5105 8823 262
2198 2548 209
5068 6887 262
5167 4532 210
4650 1402 238
3138 3075 186
698 5167 238
1815 175 182
3778 5040 215
8074 7404 252
5324 6051 236
8210 4075 262
8488 4824 262
7764 2749 262
4132 5584 236
7002 941 262
6048 1365 238
7 1288 182
9802 8175 260
48 4553 238
6067 3400 238
9493 2778 262
8792 630 262
4805 7561 262
9887 2081 262
5416 7086 262
6945 5728 262
1793 6733 262
1989 9112 262
9741 8693 260
2552 6388 262
208 6948 262
6350 6556 200
5278 4722 210
1968 3222 217
5650 5672 130
3740 3668 238
6219 1401 262
8714 7382 252
8647 3867 262
5731 7243 262
2964 9100 262
1708 7280 262
312 1554 182
3741 8115 262
571 3343 217
1136 8622 262
5557 2471 238
6899 7622 257
8506 1694 262
1958 3919 238
4268 5455 215
533 7172 262
858 8068 262
8621 7040 252
1791 6693 262
8157 3283 262
1767 4756 238
8939 6436 257
3458 7970 262
1696 5561 238
6963 4221 262
2988 3363 199
9952 1117 262
5675 1639 238
6689 9052 257
3575 3052 199
4828 6507 262
7757 692 262
7284 652 262
6648 8634 257
8114 4577 262
9866 3331 262
2917 4353 238
5771 7274 262
5408 1645 238
4265 1212 238
9004 2238 262
487 1908 182
3615 8495 262
2482 8651 262
7902 1585 262
3188 1174 217
5676 257 238
1036 3345 217
4657 9277 262
484 3536 217
2981 3541 199
5411 2978 238
3277 5634 238
2275 8047 262
736 7651 262
3261 621 217
2979 9067 262
1157 630 179
727 1010 179
4970 4885 210
2918 7336 262
9477 3681 262
5696 3976 236
7188 4943 262
326 6341 262
3214 9420 262
6722 1380 262
5488 7192 262
3592 6485 262
9029 6916 257
7680 7398 239
9056 4334 262
3551 5435 238
8364 4682 262
4238 1232 238
2678 9728 262
7935 1950 262
5995 3781 236
960 5885 238
649 5570 238
3039 6389 262
4103 9319 262
7293 8378 252
4476 3564 238
6374 7836 257
566 1468 182
3704 7828 262
2082 6236 262
5986 4736 236
7678 9967 260
8057 5239 262
2633 8637 262
2384 4747 238
6100 965 238
4024 2955 238
4407 7979 262
5550 7016 262
2286 9019 262
7874 9758 260
5669 9575 262
6063 1147 238
8268 4872 262
1882 5223 238
5486 7078 262
2867 9845 262
5708 4790 236
4700 3956 215
461 8111 262
2655 5862 238
7933 6276 257
533 7703 262
7600 5957 262
9311 5175 262
5480 5856 236
2611 3607 217
7246 3289 262
1147 5042 238
5665 3264 238
9043 4144 262
8584 7959 252
8862 9422 260
4260 5778 236
4147 1709 238
6711 4224 262
3277 2022 217
3385 2291 217
1932 4767 238
7421 7206 208
510 5242 238
5862 6381 262
1066 4482 238
8496 880 262
7495 3578 262
3371 34 217
717 3397 217
6929 1631 262
7686 9095 252
6993 7507 239
564 6926 262
7942 3693 262
6084 3313 238
3040 9213 262
6112 6275 262
693 9842 262
1625 1070 182
221 2524 209
2820 1495 209
5991 2873 238
2755 5794 238
5095 7974 262
2810 1206 209
5981 7059 262
1904 1704 180
8684 3969 262
540 8266 262
9932 3005 262
267 5506 238
6258 3027 262
9628 3943 262
6641 1836 262
9248 3283 262
3413 2044 217
3783 9572 262
2211 6891 262
6638 3467 262
1799 4100 238
251 388 144
4839 7309 262
2391 7938 262
9399 3301 262
5327 6270 262
2311 497 183
5425 5092 192
7355 3275 262
7706 8517 252
4137 1364 238
5087 2958 238
7224 3737 262
5811 239 238
9348 7583 260
8060 2262 262
3930 4381 215
4330 3021 238
2055 1947 175
8308 904 262
964 8585 262
4853 8436 262
4399 1862 238
9706 5689 262
8459 1651 262
3916 7636 262
8641 4975 262
4275 4334 171
5348 2723 238
567 2069 182
1237 9695 262
1619 3469 217
6174 8459 257
5909 8005 262
8809 6996 252
1037 3162 217
3654 4807 238
8855 2608 262
9101 3187 262
8839 5342 262
288 7566 262
5223 1792 238
2634 7764 262
9267 5617 262
2578 2133 209
1151 7192 262
8754 8143 234
4015 6533 262
992 5051 238
3694 4865 238
6825 675 262
1141 9951 262
8441 7341 252
5196 9583 262
2582 7092 262
4038 3586 238
1685 8712 262
6511 7885 257
3739 6535 262
1081 3643 217
8714 6978 252
3879 4457 215
9888 1025 262
5868 8005 262
229 5581 238
3300 9718 262
1605 9242 262
7408 8152 252
5216 232 238
8375 3332 262
5329 7143 262
3097 6099 238
1721 2049 180
9640 5941 262
6739 5364 262
7010 4100 262
6793 8632 257
6584 8219 257
2271 9056 262
5662 9667 262
7577 7014 239
9200 330 262
516 4184 238
4580 5021 210
6330 5136 262
7745 5606 262
6085 831 238
2108 3448 217
7800 5913 262
8448 1172 262
5240 5593 236
886 2433 183
9912 6482 260
2373 8256 262
7655 8165 252
8257 9990 260
9488 6050 262
1223 9234 262
54 5226 238
7884 6397 257
8040 992 262
663 2802 209
5899 6911 262
6551 8272 257
3651 2121 217
3557 5741 238
8566 7815 252
3733 9357 262
1600 4339 238
2457 3192 217
5421 8023 262
4854 1172 238
6598 4958 262
4158 9000 262
4447 2107 238
8877 1271 262
120 7427 262
3618 9976 262
1642 8928 262
640 3788 238
2998 2836 217
8560 1343 262
9297 9203 260
2103 1398 180
9305 440 262
3981 7708 262
108 3195 217
3996 8972 262
4079 6419 262
8701 7395 252
2623 98 209
8606 2471 262
4065 1750 238
5611 7638 262
571 6907 262
8971 2521 262
2114 5132 238
7577 1712 262
3556 7696 262
8333 2977 262
1106 2105 182
4882 6316 262
7866 3113 262
61 7499 262
9245 1167 262
3444 3345 181
5638 1400 238
9507 7263 260
2038 9759 262
9845 8935 260
7372 5256 262
6783 9259 260
6944 6912 257
2564 2902 191
9586 8533 260
4685 3225 238
7363 5911 262
2736 7397 262
3655 671 217
5176 8259 262
3229 7622 262
9579 7626 260
5441 4328 215
9724 7654 260
2783 5556 238
5413 691 238
3953 9581 262
8809 3787 262
8571 3083 262
4328 5262 215
259 5318 238
6336 6457 200
947 1916 182
8262 839 262
2111 3536 217
6910 4074 262
2727 5227 238
3327 9241 262
9436 5934 262
5658 6561 262
9597 3363 262
5608 5574 130
9315 7963 260
7679 7084 239
9175 8372 247
6229 3336 262
7031 258 262
4323 5726 236
4750 1852 238
2826 103 209
7576 3978 262
5437 4106 215
5809 23 238
2326 3997 238
4430 656 238
5749 764 238
4407 2482 238
8587 5981 262
558 2816 209
9850 1922 262
1600 9613 262
2010 76 182
2297 1642 183
7002 2630 262
4556 4435 184
1080 9545 262
8473 4646 262
8593 3442 262
5040 3824 215
5645 1724 238
3388 6637 262
812 8969 262
3247 5949 238
4392 8019 262
7943 9579 260
660 6943 262
3360 2421 217
4610 7335 262
6519 1701 262
6260 2128 262
7857 8385 252
2893 5943 238
3223 9953 262
3265 1038 217
5987 9701 262
1877 1134 182
1329 3890 238
869 2486 209
9094 2555 262
1892 3926 238
5622 6405 262
1205 2459 183
1675 5258 238
5569 7001 262
2149 2745 209
9519 7934 260
7767 6740 257
2274 7071 262
9150 5712 262
6539 9892 260
2560 338 209
5070 4282 215
453 3780 238
9016 4686 262
841 6218 262
8270 1165 262
6354 2588 262
2669 5181 238
7386 7843 239
5428 6226 262
8137 5756 262
2519 5623 238
